********************************************************************************
PACKAGE-LOG: 2016-02-12 22:19:56
NOTICE: Do NOT post to public sites or forums 
********************************************************************************
VERSION:	1.1.4
WORDPRESS:	4.4.2
PHP INFO:	5.5.24 | SAPI: apache2handler
SERVER:		Apache/2.4.12 (Unix) OpenSSL/1.0.1m PHP/5.5.24 mod_perl/2.0.8-dev Perl/v5.16.3 
PHP TIME LIMIT: (0) no time limit imposed 
PHP MAX MEMORY: 5000M (512M default) 
MEMORY STACK: 33.5MB 

********************************************************************************
DATABASE:
********************************************************************************
BUILD MODE:   PHP(query limit - 100)
MYSQLTIMEOUT: 5000
MYSQLDUMP:    Not Supported 
TABLES: total:18 | filtered:0 | create:18 
FILTERED: [] 
SQL CREATED: 20160212_development_56be5a86ee7f89657160212221950_database.sql 
SQL FILE SIZE: 641.31KB (656704) 
SQL FILE TIME: 2016-02-12 22:19:56 
SQL RUNTIME: 0.12 sec. 

******************************************************************************** 
ARCHIVE (ZIP): 
******************************************************************************** 
ARCHIVE DIR:  /Users/Mark/Documents/Websites/newdevelopment-copy.dev 
ARCHIVE FILE: 20160212_development_56be5a86ee7f89657160212221950_archive.zip 
FILTERS: *ON* 
DIRS:  /Users/Mark/Documents/Websites/newdevelopment-copy.dev; 
EXTS:  not set 
---------------------------------------- 
COMPRESSING 
SIZE:	0B 
STATS:	Dirs 0 | Files 0 
SQL ADDED: 20160212_development_56be5a86ee7f89657160212221950_database.sql 
ZipArchive Object
(
    [status] => 0
    [statusSys] => 0
    [numFiles] => 1
    [filename] => /Users/Mark/Documents/Websites/newdevelopment-copy.dev/wp-snapshots/tmp/20160212_development_56be5a86ee7f89657160212221950_archive.zip
    [comment] => 
)
 
COMPRESSION RESULT: '1' 
COMPRESSED SIZE: 179.96KB 
ARCHIVE RUNTIME: 0.05 sec. 
MEMORY STACK: 33.75MB 

******************************************************************************** 
MAKE INSTALLER: 
******************************************************************************** 
Build Start 
Build Finished 
Preping for use 
Template parsed with new data 
Complete [/Users/Mark/Documents/Websites/newdevelopment-copy.dev/wp-snapshots/tmp/20160212_development_56be5a86ee7f89657160212221950_installer.php] 
Added to archive 

******************************************************************************** 
INTEGRITY CHECKS: 
******************************************************************************** 
SQL File: 641.31KB 
Installer File: 318.88KB 
Archive File: 179.96KB  

********************************************************************************
RECORD ID:[1]
TOTAL PROCESS RUNTIME: 0.29 sec.
PEAK PHP MEMORY USED: 36.25MB
DONE PROCESSING => 20160212_development 2016-02-12 22:19:56
 
